<?xml version="1.0" encoding="UTF-8"?>
<testsuite xmlns:xsi="http://www.w3.org/2001/XMLSchema-instance" xsi:noNamespaceSchemaLocation="https://maven.apache.org/surefire/maven-surefire-plugin/xsd/surefire-test-report-3.0.xsd" version="3.0" name="ru.vm5277.j8b.compiler.SemanticAnalyzerTests" time="0.04" tests="4" errors="0" skipped="0" failures="0">
  <properties>
[...]
</properties>
  <testcase name="testVariableDeclarations" classname="ru.vm5277.j8b.compiler.SemanticAnalyzerTests" time="0.017"/>
  <testcase name="testTypeCompatibility" classname="ru.vm5277.j8b.compiler.SemanticAnalyzerTests" time="0.001"/>
  <testcase name="testBooleanOperations" classname="ru.vm5277.j8b.compiler.SemanticAnalyzerTests" time="0.001"/>
  <testcase name="testFixedPointOperations" classname="ru.vm5277.j8b.compiler.SemanticAnalyzerTests" time="0.001"/>
</testsuite>